<?xml version="1.0" encoding="UTF-8"?>
<!-- Generated by org.testng.reporters.JUnitXMLReporter -->
<testsuite ignored="0" hostname="DESKTOP-AF33508" failures="0" tests="3" name="Test" time="67.463" errors="0" timestamp="2022-09-10T21:33:29 IST">
  <testcase classname="com.orangehrm.testcases.LoginPage" name="login" time="20.439"/>
  <testcase classname="com.orangehrm.testcases.LoginPage" name="login" time="18.803"/>
  <testcase classname="com.orangehrm.testcases.LoginPage" name="login" time="20.897"/>
</testsuite> <!-- Test -->
