<?xml version="1.0" encoding="UTF-8"?>
<testng-results ignored="0" total="3" passed="3" failed="0" skipped="0">
  <reporter-output>
  </reporter-output>
  <suite started-at="2022-09-10T21:32:22 IST" name="Suite" finished-at="2022-09-10T21:33:29 IST" duration-ms="67463">
    <groups>
    </groups>
    <test started-at="2022-09-10T21:32:22 IST" name="Test" finished-at="2022-09-10T21:33:29 IST" duration-ms="67463">
      <class name="com.orangehrm.testcases.LoginPage">
        <test-method is-config="true" signature="launch_Browser(java.lang.String)[pri:0, instance:com.orangehrm.testcases.LoginPage@55182842]" started-at="2022-09-10T21:32:22 IST" name="launch_Browser" finished-at="2022-09-10T21:32:28 IST" duration-ms="6426" status="PASS">
          <params>
            <param index="0">
              <value>
                <![CDATA[chrome]]>
              </value>
            </param>
          </params>
          <reporter-output>
          </reporter-output>
        </test-method> <!-- launch_Browser -->
        <test-method signature="login(java.lang.String,java.lang.String)[pri:0, instance:com.orangehrm.testcases.LoginPage@55182842]" started-at="2022-09-10T21:32:29 IST" name="login" data-provider="LoginData" finished-at="2022-09-10T21:32:50 IST" duration-ms="20439" status="PASS">
          <params>
            <param index="0">
              <value>
                <![CDATA[Admin]]>
              </value>
            </param>
            <param index="1">
              <value>
                <![CDATA[admin123]]>
              </value>
            </param>
          </params>
          <reporter-output>
          </reporter-output>
        </test-method> <!-- login -->
        <test-method signature="login(java.lang.String,java.lang.String)[pri:0, instance:com.orangehrm.testcases.LoginPage@55182842]" started-at="2022-09-10T21:32:50 IST" name="login" data-provider="LoginData" finished-at="2022-09-10T21:33:08 IST" duration-ms="18803" status="PASS">
          <params>
            <param index="0">
              <value>
                <![CDATA[Admin]]>
              </value>
            </param>
            <param index="1">
              <value>
                <![CDATA[admin123]]>
              </value>
            </param>
          </params>
          <reporter-output>
          </reporter-output>
        </test-method> <!-- login -->
        <test-method signature="login(java.lang.String,java.lang.String)[pri:0, instance:com.orangehrm.testcases.LoginPage@55182842]" started-at="2022-09-10T21:33:08 IST" name="login" data-provider="LoginData" finished-at="2022-09-10T21:33:29 IST" duration-ms="20897" status="PASS">
          <params>
            <param index="0">
              <value>
                <![CDATA[Admin]]>
              </value>
            </param>
            <param index="1">
              <value>
                <![CDATA[admin123]]>
              </value>
            </param>
          </params>
          <reporter-output>
          </reporter-output>
        </test-method> <!-- login -->
        <test-method is-config="true" signature="close_Browser()[pri:0, instance:com.orangehrm.testcases.LoginPage@55182842]" started-at="2022-09-10T21:33:29 IST" name="close_Browser" finished-at="2022-09-10T21:33:29 IST" duration-ms="140" status="PASS">
          <reporter-output>
          </reporter-output>
        </test-method> <!-- close_Browser -->
      </class> <!-- com.orangehrm.testcases.LoginPage -->
    </test> <!-- Test -->
  </suite> <!-- Suite -->
</testng-results>
